# replayed raw: 0 (EpochTimestamp, TimelySetup { index: WorkerId },  Operates(OperatesEvent { id: OperatorId, addr: [WorkerId, X, LocalOperatorId], name: OperatorName }))
# replayed raw: 0 (EpochTimestamp, TimelySetup { index: WorkerId }, Channels(ChannelsEvent { id: ChannelId, scope_addr: [Y, W], source: (LocalOperatorId, Z), target: (LocalOperatorId, P) }))
replayed raw: 0 (1524946658626424110, TimelySetup { index: 0 }, Operates(OperatesEvent { id: 0, addr: [0, 0, 1], name: "Input" }))
replayed raw: 0 (1524946658626445190, TimelySetup { index: 0 }, Channels(ChannelsEvent { id: 1, scope_addr: [0, 0], source: (1, 0), target: (2, 0) }))
replayed raw: 0 (1524946658626474963, TimelySetup { index: 0 }, Operates(OperatesEvent { id: 2, addr: [0, 0, 2], name: "FilterMap" }))
replayed raw: 0 (1524946658626480675, TimelySetup { index: 0 }, Channels(ChannelsEvent { id: 3, scope_addr: [0, 0], source: (2, 0), target: (3, 0) }))
replayed raw: 0 (1524946658626485413, TimelySetup { index: 0 }, Operates(OperatesEvent { id: 4, addr: [0, 0, 3], name: "Filter" }))
replayed raw: 0 (1524946658626489025, TimelySetup { index: 0 }, Channels(ChannelsEvent { id: 5, scope_addr: [0, 0], source: (1, 0), target: (4, 0) }))
replayed raw: 0 (1524946658626493658, TimelySetup { index: 0 }, Operates(OperatesEvent { id: 6, addr: [0, 0, 4], name: "FilterMap" }))
replayed raw: 0 (1524946658626499636, TimelySetup { index: 0 }, Channels(ChannelsEvent { id: 7, scope_addr: [0, 0], source: (4, 0), target: (5, 0) }))
replayed raw: 0 (1524946658627709872, TimelySetup { index: 0 }, Operates(OperatesEvent { id: 8, addr: [0, 0, 5], name: "Filter" }))
replayed raw: 0 (1524946658627722892, TimelySetup { index: 0 }, Channels(ChannelsEvent { id: 9, scope_addr: [0, 0], source: (5, 0), target: (6, 0) }))
replayed raw: 0 (1524946658627730445, TimelySetup { index: 0 }, Channels(ChannelsEvent { id: 10, scope_addr: [0, 0], source: (3, 0), target: (6, 1) }))
replayed raw: 0 (1524946658627737282, TimelySetup { index: 0 }, Operates(OperatesEvent { id: 11, addr: [0, 0, 6], name: "Join" }))
replayed raw: 0 (1524946658627742272, TimelySetup { index: 0 }, Channels(ChannelsEvent { id: 12, scope_addr: [0, 0], source: (6, 0), target: (7, 0) }))
replayed raw: 0 (1524946658627748944, TimelySetup { index: 0 }, Operates(OperatesEvent { id: 13, addr: [0, 0, 7], name: "Output" }))
replayed raw: 0 (1524946658627752362, TimelySetup { index: 0 }, Channels(ChannelsEvent { id: 14, scope_addr: [0, 0], source: (7, 0), target: (8, 0) }))
replayed raw: 0 (1524946658627756667, TimelySetup { index: 0 }, Operates(OperatesEvent { id: 15, addr: [0, 0, 8], name: "Probe" }))
replayed raw: 0 (1524946658626426163, TimelySetup { index: 1 }, Operates(OperatesEvent { id: 0, addr: [1, 0, 1], name: "Input" }))
replayed raw: 0 (1524946658626445546, TimelySetup { index: 1 }, Channels(ChannelsEvent { id: 1, scope_addr: [1, 0], source: (1, 0), target: (2, 0) }))
replayed raw: 0 (1524946658626470448, TimelySetup { index: 1 }, Operates(OperatesEvent { id: 2, addr: [1, 0, 2], name: "FilterMap" }))
replayed raw: 0 (1524946658626484426, TimelySetup { index: 1 }, Channels(ChannelsEvent { id: 3, scope_addr: [1, 0], source: (2, 0), target: (3, 0) }))
replayed raw: 0 (1524946658626489226, TimelySetup { index: 1 }, Operates(OperatesEvent { id: 4, addr: [1, 0, 3], name: "Filter" }))
replayed raw: 0 (1524946658626493046, TimelySetup { index: 1 }, Channels(ChannelsEvent { id: 5, scope_addr: [1, 0], source: (1, 0), target: (4, 0) }))
replayed raw: 0 (1524946658626497396, TimelySetup { index: 1 }, Operates(OperatesEvent { id: 6, addr: [1, 0, 4], name: "FilterMap" }))
replayed raw: 0 (1524946658626503538, TimelySetup { index: 1 }, Channels(ChannelsEvent { id: 7, scope_addr: [1, 0], source: (4, 0), target: (5, 0) }))
replayed raw: 0 (1524946658627448262, TimelySetup { index: 1 }, Operates(OperatesEvent { id: 8, addr: [1, 0, 5], name: "Filter" }))
replayed raw: 0 (1524946658627458764, TimelySetup { index: 1 }, Channels(ChannelsEvent { id: 9, scope_addr: [1, 0], source: (5, 0), target: (6, 0) }))
replayed raw: 0 (1524946658627465622, TimelySetup { index: 1 }, Channels(ChannelsEvent { id: 10, scope_addr: [1, 0], source: (3, 0), target: (6, 1) }))
replayed raw: 0 (1524946658627471682, TimelySetup { index: 1 }, Operates(OperatesEvent { id: 11, addr: [1, 0, 6], name: "Join" }))
replayed raw: 0 (1524946658627476505, TimelySetup { index: 1 }, Channels(ChannelsEvent { id: 12, scope_addr: [1, 0], source: (6, 0), target: (7, 0) }))
replayed raw: 0 (1524946658627481861, TimelySetup { index: 1 }, Operates(OperatesEvent { id: 13, addr: [1, 0, 7], name: "Output" }))
replayed raw: 0 (1524946658627484974, TimelySetup { index: 1 }, Channels(ChannelsEvent { id: 14, scope_addr: [1, 0], source: (7, 0), target: (8, 0) }))
replayed raw: 0 (1524946658627488717, TimelySetup { index: 1 }, Operates(OperatesEvent { id: 15, addr: [1, 0, 8], name: "Probe" }))
replayed raw: 0 (1524946658626423885, TimelySetup { index: 2 }, Operates(OperatesEvent { id: 0, addr: [2, 0, 1], name: "Input" }))
replayed raw: 0 (1524946658626444423, TimelySetup { index: 2 }, Channels(ChannelsEvent { id: 1, scope_addr: [2, 0], source: (1, 0), target: (2, 0) }))
replayed raw: 0 (1524946658626471012, TimelySetup { index: 2 }, Operates(OperatesEvent { id: 2, addr: [2, 0, 2], name: "FilterMap" }))
replayed raw: 0 (1524946658626480635, TimelySetup { index: 2 }, Channels(ChannelsEvent { id: 3, scope_addr: [2, 0], source: (2, 0), target: (3, 0) }))
replayed raw: 0 (1524946658626484752, TimelySetup { index: 2 }, Operates(OperatesEvent { id: 4, addr: [2, 0, 3], name: "Filter" }))
replayed raw: 0 (1524946658626487902, TimelySetup { index: 2 }, Channels(ChannelsEvent { id: 5, scope_addr: [2, 0], source: (1, 0), target: (4, 0) }))
replayed raw: 0 (1524946658626491953, TimelySetup { index: 2 }, Operates(OperatesEvent { id: 6, addr: [2, 0, 4], name: "FilterMap" }))
replayed raw: 0 (1524946658626497695, TimelySetup { index: 2 }, Channels(ChannelsEvent { id: 7, scope_addr: [2, 0], source: (4, 0), target: (5, 0) }))
replayed raw: 0 (1524946658626957070, TimelySetup { index: 2 }, Operates(OperatesEvent { id: 8, addr: [2, 0, 5], name: "Filter" }))
replayed raw: 0 (1524946658626977822, TimelySetup { index: 2 }, Channels(ChannelsEvent { id: 9, scope_addr: [2, 0], source: (5, 0), target: (6, 0) }))
replayed raw: 0 (1524946658626991515, TimelySetup { index: 2 }, Channels(ChannelsEvent { id: 10, scope_addr: [2, 0], source: (3, 0), target: (6, 1) }))
replayed raw: 0 (1524946658626998113, TimelySetup { index: 2 }, Operates(OperatesEvent { id: 11, addr: [2, 0, 6], name: "Join" }))
replayed raw: 0 (1524946658627003602, TimelySetup { index: 2 }, Channels(ChannelsEvent { id: 12, scope_addr: [2, 0], source: (6, 0), target: (7, 0) }))
replayed raw: 0 (1524946658627009358, TimelySetup { index: 2 }, Operates(OperatesEvent { id: 13, addr: [2, 0, 7], name: "Output" }))
replayed raw: 0 (1524946658627012600, TimelySetup { index: 2 }, Channels(ChannelsEvent { id: 14, scope_addr: [2, 0], source: (7, 0), target: (8, 0) }))
replayed raw: 0 (1524946658627015058, TimelySetup { index: 2 }, Operates(OperatesEvent { id: 15, addr: [2, 0, 8], name: "Probe" }))
replayed raw: 0 (1524946658626451388, TimelySetup { index: 3 }, Operates(OperatesEvent { id: 0, addr: [3, 0, 1], name: "Input" }))
replayed raw: 0 (1524946658626457710, TimelySetup { index: 3 }, Channels(ChannelsEvent { id: 1, scope_addr: [3, 0], source: (1, 0), target: (2, 0) }))
replayed raw: 0 (1524946658626469703, TimelySetup { index: 3 }, Operates(OperatesEvent { id: 2, addr: [3, 0, 2], name: "FilterMap" }))
replayed raw: 0 (1524946658626482552, TimelySetup { index: 3 }, Channels(ChannelsEvent { id: 3, scope_addr: [3, 0], source: (2, 0), target: (3, 0) }))
replayed raw: 0 (1524946658626485358, TimelySetup { index: 3 }, Operates(OperatesEvent { id: 4, addr: [3, 0, 3], name: "Filter" }))
replayed raw: 0 (1524946658626487982, TimelySetup { index: 3 }, Channels(ChannelsEvent { id: 5, scope_addr: [3, 0], source: (1, 0), target: (4, 0) }))
replayed raw: 0 (1524946658626491903, TimelySetup { index: 3 }, Operates(OperatesEvent { id: 6, addr: [3, 0, 4], name: "FilterMap" }))
replayed raw: 0 (1524946658626497663, TimelySetup { index: 3 }, Channels(ChannelsEvent { id: 7, scope_addr: [3, 0], source: (4, 0), target: (5, 0) }))
replayed raw: 0 (1524946658628161813, TimelySetup { index: 3 }, Operates(OperatesEvent { id: 8, addr: [3, 0, 5], name: "Filter" }))
replayed raw: 0 (1524946658628170867, TimelySetup { index: 3 }, Channels(ChannelsEvent { id: 9, scope_addr: [3, 0], source: (5, 0), target: (6, 0) }))
replayed raw: 0 (1524946658628176364, TimelySetup { index: 3 }, Channels(ChannelsEvent { id: 10, scope_addr: [3, 0], source: (3, 0), target: (6, 1) }))
replayed raw: 0 (1524946658628181097, TimelySetup { index: 3 }, Operates(OperatesEvent { id: 11, addr: [3, 0, 6], name: "Join" }))
replayed raw: 0 (1524946658628184427, TimelySetup { index: 3 }, Channels(ChannelsEvent { id: 12, scope_addr: [3, 0], source: (6, 0), target: (7, 0) }))
replayed raw: 0 (1524946658628188014, TimelySetup { index: 3 }, Operates(OperatesEvent { id: 13, addr: [3, 0, 7], name: "Output" }))
replayed raw: 0 (1524946658628190051, TimelySetup { index: 3 }, Channels(ChannelsEvent { id: 14, scope_addr: [3, 0], source: (7, 0), target: (8, 0) }))
replayed raw: 0 (1524946658628193094, TimelySetup { index: 3 }, Operates(OperatesEvent { id: 15, addr: [3, 0, 8], name: "Probe" }))
